[2020-07-03 05:27:31] local.ERROR: SQLSTATE[HY000] [2002] php_network_getaddresses: getaddrinfo failed: nodename nor servname provided, or not known (SQL: insert into `telescope_entries` (`batch_id`, `content`, `created_at`, `family_hash`, `type`, `uuid`) values (90f37a69-1e40-45d1-9b27-bd0ebbc4e8f6, {"command":"config:cache","exit_code":0,"arguments":{"command":"config:cache"},"options":{"help":false,"quiet":false,"verbose":false,"version":false,"ansi":false,"no-ansi":false,"no-interaction":false,"env":null},"hostname":"JyiChongs-Air"}, 2020-07-03 05:27:31, ?, command, 90f37a69-1892-4975-ad5e-a30ece892e6c)) {"exception":"[object] (Illuminate\\Database\\QueryException(code: 2002): SQLSTATE[HY000] [2002] php_network_getaddresses: getaddrinfo failed: nodename nor servname provided, or not known (SQL: insert into `telescope_entries` (`batch_id`, `content`, `created_at`, `family_hash`, `type`, `uuid`) values (90f37a69-1e40-45d1-9b27-bd0ebbc4e8f6, {\"command\":\"config:cache\",\"exit_code\":0,\"arguments\":{\"command\":\"config:cache\"},\"options\":{\"help\":false,\"quiet\":false,\"verbose\":false,\"version\":false,\"ansi\":false,\"no-ansi\":false,\"no-interaction\":false,\"env\":null},\"hostname\":\"JyiChongs-Air\"}, 2020-07-03 05:27:31, ?, command, 90f37a69-1892-4975-ad5e-a30ece892e6c)) at /Users/jyichong/Desktop/buzzeroffice/vendor/laravel/framework/src/Illuminate/Database/Connection.php:671)
[stacktrace]
#0 /Users/jyichong/Desktop/buzzeroffice/vendor/laravel/framework/src/Illuminate/Database/Connection.php(631): Illuminate\\Database\\Connection->runQueryCallback('insert into `te...', Array, Object(Closure))
#1 /Users/jyichong/Desktop/buzzeroffice/vendor/laravel/framework/src/Illuminate/Database/Connection.php(465): Illuminate\\Database\\Connection->run('insert into `te...', Array, Object(Closure))
#2 /Users/jyichong/Desktop/buzzeroffice/vendor/laravel/framework/src/Illuminate/Database/Connection.php(417): Illuminate\\Database\\Connection->statement('insert into `te...', Array)
#3 /Users/jyichong/Desktop/buzzeroffice/vendor/laravel/framework/src/Illuminate/Database/Query/Builder.php(2728): Illuminate\\Database\\Connection->insert('insert into `te...', Array)
#4 /Users/jyichong/Desktop/buzzeroffice/vendor/laravel/telescope/src/Storage/DatabaseEntriesRepository.php(148): Illuminate\\Database\\Query\\Builder->insert(Array)
#5 /Users/jyichong/Desktop/buzzeroffice/vendor/laravel/framework/src/Illuminate/Support/Traits/EnumeratesValues.php(202): Laravel\\Telescope\\Storage\\DatabaseEntriesRepository->Laravel\\Telescope\\Storage\\{closure}(Object(Illuminate\\Support\\Collection), 0)
#6 /Users/jyichong/Desktop/buzzeroffice/vendor/laravel/telescope/src/Storage/DatabaseEntriesRepository.php(149): Illuminate\\Support\\Collection->each(Object(Closure))
#7 /Users/jyichong/Desktop/buzzeroffice/vendor/laravel/telescope/src/Telescope.php(590): Laravel\\Telescope\\Storage\\DatabaseEntriesRepository->store(Object(Illuminate\\Support\\Collection))
#8 [internal function]: Laravel\\Telescope\\Telescope::Laravel\\Telescope\\{closure}()
#9 /Users/jyichong/Desktop/buzzeroffice/vendor/laravel/telescope/src/Telescope.php(234): call_user_func(Object(Closure))
#10 /Users/jyichong/Desktop/buzzeroffice/vendor/laravel/telescope/src/Telescope.php(601): Laravel\\Telescope\\Telescope::withoutRecording(Object(Closure))
#11 /Users/jyichong/Desktop/buzzeroffice/vendor/laravel/telescope/src/ListensForStorageOpportunities.php(44): Laravel\\Telescope\\Telescope::store(Object(Laravel\\Telescope\\Storage\\DatabaseEntriesRepository))
#12 [internal function]: Laravel\\Telescope\\Telescope::Laravel\\Telescope\\{closure}()
#13 /Users/jyichong/Desktop/buzzeroffice/vendor/laravel/framework/src/Illuminate/Container/BoundMethod.php(33): call_user_func_array(Object(Closure), Array)
#14 /Users/jyichong/Desktop/buzzeroffice/vendor/laravel/framework/src/Illuminate/Container/Util.php(37): Illuminate\\Container\\BoundMethod::Illuminate\\Container\\{closure}()
#15 /Users/jyichong/Desktop/buzzeroffice/vendor/laravel/framework/src/Illuminate/Container/BoundMethod.php(79): Illuminate\\Container\\Util::unwrapIfClosure(Object(Closure))
#16 /Users/jyichong/Desktop/buzzeroffice/vendor/laravel/framework/src/Illuminate/Container/BoundMethod.php(35): Illuminate\\Container\\BoundMethod::callBoundMethod(Object(Illuminate\\Foundation\\Application), Object(Closure), Object(Closure))
#17 /Users/jyichong/Desktop/buzzeroffice/vendor/laravel/framework/src/Illuminate/Container/Container.php(592): Illuminate\\Container\\BoundMethod::call(Object(Illuminate\\Foundation\\Application), Object(Closure), Array, NULL)
#18 /Users/jyichong/Desktop/buzzeroffice/vendor/laravel/framework/src/Illuminate/Foundation/Application.php(1091): Illuminate\\Container\\Container->call(Object(Closure))
#19 /Users/jyichong/Desktop/buzzeroffice/vendor/laravel/framework/src/Illuminate/Foundation/Console/Kernel.php(148): Illuminate\\Foundation\\Application->terminate()
#20 /Users/jyichong/Desktop/buzzeroffice/artisan(51): Illuminate\\Foundation\\Console\\Kernel->terminate(Object(Symfony\\Component\\Console\\Input\\ArgvInput), 0)
#21 {main}

[previous exception] [object] (Doctrine\\DBAL\\Driver\\PDOException(code: 2002): SQLSTATE[HY000] [2002] php_network_getaddresses: getaddrinfo failed: nodename nor servname provided, or not known at /Users/jyichong/Desktop/buzzeroffice/vendor/doctrine/dbal/lib/Doctrine/DBAL/Driver/PDOConnection.php:31)
[stacktrace]
#0 /Users/jyichong/Desktop/buzzeroffice/vendor/laravel/framework/src/Illuminate/Database/Connectors/Connector.php(67): Doctrine\\DBAL\\Driver\\PDOConnection->__construct('mysql:host=mysq...', 'root', 'root', Array)
#1 /Users/jyichong/Desktop/buzzeroffice/vendor/laravel/framework/src/Illuminate/Database/Connectors/Connector.php(46): Illuminate\\Database\\Connectors\\Connector->createPdoConnection('mysql:host=mysq...', 'root', 'root', Array)
#2 /Users/jyichong/Desktop/buzzeroffice/vendor/laravel/framework/src/Illuminate/Database/Connectors/MySqlConnector.php(24): Illuminate\\Database\\Connectors\\Connector->createConnection('mysql:host=mysq...', Array, Array)
#3 /Users/jyichong/Desktop/buzzeroffice/vendor/laravel/framework/src/Illuminate/Database/Connectors/ConnectionFactory.php(184): Illuminate\\Database\\Connectors\\MySqlConnector->connect(Array)
#4 [internal function]: Illuminate\\Database\\Connectors\\ConnectionFactory->Illuminate\\Database\\Connectors\\{closure}()
#5 /Users/jyichong/Desktop/buzzeroffice/vendor/laravel/framework/src/Illuminate/Database/Connection.php(926): call_user_func(Object(Closure))
#6 /Users/jyichong/Desktop/buzzeroffice/vendor/laravel/framework/src/Illuminate/Database/Connection.php(458): Illuminate\\Database\\Connection->getPdo()
#7 /Users/jyichong/Desktop/buzzeroffice/vendor/laravel/framework/src/Illuminate/Database/Connection.php(664): Illuminate\\Database\\Connection->Illuminate\\Database\\{closure}('insert into `te...', Array)
#8 /Users/jyichong/Desktop/buzzeroffice/vendor/laravel/framework/src/Illuminate/Database/Connection.php(631): Illuminate\\Database\\Connection->runQueryCallback('insert into `te...', Array, Object(Closure))
#9 /Users/jyichong/Desktop/buzzeroffice/vendor/laravel/framework/src/Illuminate/Database/Connection.php(465): Illuminate\\Database\\Connection->run('insert into `te...', Array, Object(Closure))
#10 /Users/jyichong/Desktop/buzzeroffice/vendor/laravel/framework/src/Illuminate/Database/Connection.php(417): Illuminate\\Database\\Connection->statement('insert into `te...', Array)
#11 /Users/jyichong/Desktop/buzzeroffice/vendor/laravel/framework/src/Illuminate/Database/Query/Builder.php(2728): Illuminate\\Database\\Connection->insert('insert into `te...', Array)
#12 /Users/jyichong/Desktop/buzzeroffice/vendor/laravel/telescope/src/Storage/DatabaseEntriesRepository.php(148): Illuminate\\Database\\Query\\Builder->insert(Array)
#13 /Users/jyichong/Desktop/buzzeroffice/vendor/laravel/framework/src/Illuminate/Support/Traits/EnumeratesValues.php(202): Laravel\\Telescope\\Storage\\DatabaseEntriesRepository->Laravel\\Telescope\\Storage\\{closure}(Object(Illuminate\\Support\\Collection), 0)
#14 /Users/jyichong/Desktop/buzzeroffice/vendor/laravel/telescope/src/Storage/DatabaseEntriesRepository.php(149): Illuminate\\Support\\Collection->each(Object(Closure))
#15 /Users/jyichong/Desktop/buzzeroffice/vendor/laravel/telescope/src/Telescope.php(590): Laravel\\Telescope\\Storage\\DatabaseEntriesRepository->store(Object(Illuminate\\Support\\Collection))
#16 [internal function]: Laravel\\Telescope\\Telescope::Laravel\\Telescope\\{closure}()
#17 /Users/jyichong/Desktop/buzzeroffice/vendor/laravel/telescope/src/Telescope.php(234): call_user_func(Object(Closure))
#18 /Users/jyichong/Desktop/buzzeroffice/vendor/laravel/telescope/src/Telescope.php(601): Laravel\\Telescope\\Telescope::withoutRecording(Object(Closure))
#19 /Users/jyichong/Desktop/buzzeroffice/vendor/laravel/telescope/src/ListensForStorageOpportunities.php(44): Laravel\\Telescope\\Telescope::store(Object(Laravel\\Telescope\\Storage\\DatabaseEntriesRepository))
#20 [internal function]: Laravel\\Telescope\\Telescope::Laravel\\Telescope\\{closure}()
#21 /Users/jyichong/Desktop/buzzeroffice/vendor/laravel/framework/src/Illuminate/Container/BoundMethod.php(33): call_user_func_array(Object(Closure), Array)
#22 /Users/jyichong/Desktop/buzzeroffice/vendor/laravel/framework/src/Illuminate/Container/Util.php(37): Illuminate\\Container\\BoundMethod::Illuminate\\Container\\{closure}()
#23 /Users/jyichong/Desktop/buzzeroffice/vendor/laravel/framework/src/Illuminate/Container/BoundMethod.php(79): Illuminate\\Container\\Util::unwrapIfClosure(Object(Closure))
#24 /Users/jyichong/Desktop/buzzeroffice/vendor/laravel/framework/src/Illuminate/Container/BoundMethod.php(35): Illuminate\\Container\\BoundMethod::callBoundMethod(Object(Illuminate\\Foundation\\Application), Object(Closure), Object(Closure))
#25 /Users/jyichong/Desktop/buzzeroffice/vendor/laravel/framework/src/Illuminate/Container/Container.php(592): Illuminate\\Container\\BoundMethod::call(Object(Illuminate\\Foundation\\Application), Object(Closure), Array, NULL)
#26 /Users/jyichong/Desktop/buzzeroffice/vendor/laravel/framework/src/Illuminate/Foundation/Application.php(1091): Illuminate\\Container\\Container->call(Object(Closure))
#27 /Users/jyichong/Desktop/buzzeroffice/vendor/laravel/framework/src/Illuminate/Foundation/Console/Kernel.php(148): Illuminate\\Foundation\\Application->terminate()
#28 /Users/jyichong/Desktop/buzzeroffice/artisan(51): Illuminate\\Foundation\\Console\\Kernel->terminate(Object(Symfony\\Component\\Console\\Input\\ArgvInput), 0)
#29 {main}

[previous exception] [object] (PDOException(code: 2002): SQLSTATE[HY000] [2002] php_network_getaddresses: getaddrinfo failed: nodename nor servname provided, or not known at /Users/jyichong/Desktop/buzzeroffice/vendor/doctrine/dbal/lib/Doctrine/DBAL/Driver/PDOConnection.php:27)
[stacktrace]
#0 /Users/jyichong/Desktop/buzzeroffice/vendor/doctrine/dbal/lib/Doctrine/DBAL/Driver/PDOConnection.php(27): PDO->__construct('mysql:host=mysq...', 'root', 'root', Array)
#1 /Users/jyichong/Desktop/buzzeroffice/vendor/laravel/framework/src/Illuminate/Database/Connectors/Connector.php(67): Doctrine\\DBAL\\Driver\\PDOConnection->__construct('mysql:host=mysq...', 'root', 'root', Array)
#2 /Users/jyichong/Desktop/buzzeroffice/vendor/laravel/framework/src/Illuminate/Database/Connectors/Connector.php(46): Illuminate\\Database\\Connectors\\Connector->createPdoConnection('mysql:host=mysq...', 'root', 'root', Array)
#3 /Users/jyichong/Desktop/buzzeroffice/vendor/laravel/framework/src/Illuminate/Database/Connectors/MySqlConnector.php(24): Illuminate\\Database\\Connectors\\Connector->createConnection('mysql:host=mysq...', Array, Array)
#4 /Users/jyichong/Desktop/buzzeroffice/vendor/laravel/framework/src/Illuminate/Database/Connectors/ConnectionFactory.php(184): Illuminate\\Database\\Connectors\\MySqlConnector->connect(Array)
#5 [internal function]: Illuminate\\Database\\Connectors\\ConnectionFactory->Illuminate\\Database\\Connectors\\{closure}()
#6 /Users/jyichong/Desktop/buzzeroffice/vendor/laravel/framework/src/Illuminate/Database/Connection.php(926): call_user_func(Object(Closure))
#7 /Users/jyichong/Desktop/buzzeroffice/vendor/laravel/framework/src/Illuminate/Database/Connection.php(458): Illuminate\\Database\\Connection->getPdo()
#8 /Users/jyichong/Desktop/buzzeroffice/vendor/laravel/framework/src/Illuminate/Database/Connection.php(664): Illuminate\\Database\\Connection->Illuminate\\Database\\{closure}('insert into `te...', Array)
#9 /Users/jyichong/Desktop/buzzeroffice/vendor/laravel/framework/src/Illuminate/Database/Connection.php(631): Illuminate\\Database\\Connection->runQueryCallback('insert into `te...', Array, Object(Closure))
#10 /Users/jyichong/Desktop/buzzeroffice/vendor/laravel/framework/src/Illuminate/Database/Connection.php(465): Illuminate\\Database\\Connection->run('insert into `te...', Array, Object(Closure))
#11 /Users/jyichong/Desktop/buzzeroffice/vendor/laravel/framework/src/Illuminate/Database/Connection.php(417): Illuminate\\Database\\Connection->statement('insert into `te...', Array)
#12 /Users/jyichong/Desktop/buzzeroffice/vendor/laravel/framework/src/Illuminate/Database/Query/Builder.php(2728): Illuminate\\Database\\Connection->insert('insert into `te...', Array)
#13 /Users/jyichong/Desktop/buzzeroffice/vendor/laravel/telescope/src/Storage/DatabaseEntriesRepository.php(148): Illuminate\\Database\\Query\\Builder->insert(Array)
#14 /Users/jyichong/Desktop/buzzeroffice/vendor/laravel/framework/src/Illuminate/Support/Traits/EnumeratesValues.php(202): Laravel\\Telescope\\Storage\\DatabaseEntriesRepository->Laravel\\Telescope\\Storage\\{closure}(Object(Illuminate\\Support\\Collection), 0)
#15 /Users/jyichong/Desktop/buzzeroffice/vendor/laravel/telescope/src/Storage/DatabaseEntriesRepository.php(149): Illuminate\\Support\\Collection->each(Object(Closure))
#16 /Users/jyichong/Desktop/buzzeroffice/vendor/laravel/telescope/src/Telescope.php(590): Laravel\\Telescope\\Storage\\DatabaseEntriesRepository->store(Object(Illuminate\\Support\\Collection))
#17 [internal function]: Laravel\\Telescope\\Telescope::Laravel\\Telescope\\{closure}()
#18 /Users/jyichong/Desktop/buzzeroffice/vendor/laravel/telescope/src/Telescope.php(234): call_user_func(Object(Closure))
#19 /Users/jyichong/Desktop/buzzeroffice/vendor/laravel/telescope/src/Telescope.php(601): Laravel\\Telescope\\Telescope::withoutRecording(Object(Closure))
#20 /Users/jyichong/Desktop/buzzeroffice/vendor/laravel/telescope/src/ListensForStorageOpportunities.php(44): Laravel\\Telescope\\Telescope::store(Object(Laravel\\Telescope\\Storage\\DatabaseEntriesRepository))
#21 [internal function]: Laravel\\Telescope\\Telescope::Laravel\\Telescope\\{closure}()
#22 /Users/jyichong/Desktop/buzzeroffice/vendor/laravel/framework/src/Illuminate/Container/BoundMethod.php(33): call_user_func_array(Object(Closure), Array)
#23 /Users/jyichong/Desktop/buzzeroffice/vendor/laravel/framework/src/Illuminate/Container/Util.php(37): Illuminate\\Container\\BoundMethod::Illuminate\\Container\\{closure}()
#24 /Users/jyichong/Desktop/buzzeroffice/vendor/laravel/framework/src/Illuminate/Container/BoundMethod.php(79): Illuminate\\Container\\Util::unwrapIfClosure(Object(Closure))
#25 /Users/jyichong/Desktop/buzzeroffice/vendor/laravel/framework/src/Illuminate/Container/BoundMethod.php(35): Illuminate\\Container\\BoundMethod::callBoundMethod(Object(Illuminate\\Foundation\\Application), Object(Closure), Object(Closure))
#26 /Users/jyichong/Desktop/buzzeroffice/vendor/laravel/framework/src/Illuminate/Container/Container.php(592): Illuminate\\Container\\BoundMethod::call(Object(Illuminate\\Foundation\\Application), Object(Closure), Array, NULL)
#27 /Users/jyichong/Desktop/buzzeroffice/vendor/laravel/framework/src/Illuminate/Foundation/Application.php(1091): Illuminate\\Container\\Container->call(Object(Closure))
#28 /Users/jyichong/Desktop/buzzeroffice/vendor/laravel/framework/src/Illuminate/Foundation/Console/Kernel.php(148): Illuminate\\Foundation\\Application->terminate()
#29 /Users/jyichong/Desktop/buzzeroffice/artisan(51): Illuminate\\Foundation\\Console\\Kernel->terminate(Object(Symfony\\Component\\Console\\Input\\ArgvInput), 0)
#30 {main}

[previous exception] [object] (PDOException(code: 0): PDO::__construct(): php_network_getaddresses: getaddrinfo failed: nodename nor servname provided, or not known at /Users/jyichong/Desktop/buzzeroffice/vendor/doctrine/dbal/lib/Doctrine/DBAL/Driver/PDOConnection.php:27)
[stacktrace]
#0 /Users/jyichong/Desktop/buzzeroffice/vendor/doctrine/dbal/lib/Doctrine/DBAL/Driver/PDOConnection.php(27): PDO->__construct('mysql:host=mysq...', 'root', 'root', Array)
#1 /Users/jyichong/Desktop/buzzeroffice/vendor/laravel/framework/src/Illuminate/Database/Connectors/Connector.php(67): Doctrine\\DBAL\\Driver\\PDOConnection->__construct('mysql:host=mysq...', 'root', 'root', Array)
#2 /Users/jyichong/Desktop/buzzeroffice/vendor/laravel/framework/src/Illuminate/Database/Connectors/Connector.php(46): Illuminate\\Database\\Connectors\\Connector->createPdoConnection('mysql:host=mysq...', 'root', 'root', Array)
#3 /Users/jyichong/Desktop/buzzeroffice/vendor/laravel/framework/src/Illuminate/Database/Connectors/MySqlConnector.php(24): Illuminate\\Database\\Connectors\\Connector->createConnection('mysql:host=mysq...', Array, Array)
#4 /Users/jyichong/Desktop/buzzeroffice/vendor/laravel/framework/src/Illuminate/Database/Connectors/ConnectionFactory.php(184): Illuminate\\Database\\Connectors\\MySqlConnector->connect(Array)
#5 [internal function]: Illuminate\\Database\\Connectors\\ConnectionFactory->Illuminate\\Database\\Connectors\\{closure}()
#6 /Users/jyichong/Desktop/buzzeroffice/vendor/laravel/framework/src/Illuminate/Database/Connection.php(926): call_user_func(Object(Closure))
#7 /Users/jyichong/Desktop/buzzeroffice/vendor/laravel/framework/src/Illuminate/Database/Connection.php(458): Illuminate\\Database\\Connection->getPdo()
#8 /Users/jyichong/Desktop/buzzeroffice/vendor/laravel/framework/src/Illuminate/Database/Connection.php(664): Illuminate\\Database\\Connection->Illuminate\\Database\\{closure}('insert into `te...', Array)
#9 /Users/jyichong/Desktop/buzzeroffice/vendor/laravel/framework/src/Illuminate/Database/Connection.php(631): Illuminate\\Database\\Connection->runQueryCallback('insert into `te...', Array, Object(Closure))
#10 /Users/jyichong/Desktop/buzzeroffice/vendor/laravel/framework/src/Illuminate/Database/Connection.php(465): Illuminate\\Database\\Connection->run('insert into `te...', Array, Object(Closure))
#11 /Users/jyichong/Desktop/buzzeroffice/vendor/laravel/framework/src/Illuminate/Database/Connection.php(417): Illuminate\\Database\\Connection->statement('insert into `te...', Array)
#12 /Users/jyichong/Desktop/buzzeroffice/vendor/laravel/framework/src/Illuminate/Database/Query/Builder.php(2728): Illuminate\\Database\\Connection->insert('insert into `te...', Array)
#13 /Users/jyichong/Desktop/buzzeroffice/vendor/laravel/telescope/src/Storage/DatabaseEntriesRepository.php(148): Illuminate\\Database\\Query\\Builder->insert(Array)
#14 /Users/jyichong/Desktop/buzzeroffice/vendor/laravel/framework/src/Illuminate/Support/Traits/EnumeratesValues.php(202): Laravel\\Telescope\\Storage\\DatabaseEntriesRepository->Laravel\\Telescope\\Storage\\{closure}(Object(Illuminate\\Support\\Collection), 0)
#15 /Users/jyichong/Desktop/buzzeroffice/vendor/laravel/telescope/src/Storage/DatabaseEntriesRepository.php(149): Illuminate\\Support\\Collection->each(Object(Closure))
#16 /Users/jyichong/Desktop/buzzeroffice/vendor/laravel/telescope/src/Telescope.php(590): Laravel\\Telescope\\Storage\\DatabaseEntriesRepository->store(Object(Illuminate\\Support\\Collection))
#17 [internal function]: Laravel\\Telescope\\Telescope::Laravel\\Telescope\\{closure}()
#18 /Users/jyichong/Desktop/buzzeroffice/vendor/laravel/telescope/src/Telescope.php(234): call_user_func(Object(Closure))
#19 /Users/jyichong/Desktop/buzzeroffice/vendor/laravel/telescope/src/Telescope.php(601): Laravel\\Telescope\\Telescope::withoutRecording(Object(Closure))
#20 /Users/jyichong/Desktop/buzzeroffice/vendor/laravel/telescope/src/ListensForStorageOpportunities.php(44): Laravel\\Telescope\\Telescope::store(Object(Laravel\\Telescope\\Storage\\DatabaseEntriesRepository))
#21 [internal function]: Laravel\\Telescope\\Telescope::Laravel\\Telescope\\{closure}()
#22 /Users/jyichong/Desktop/buzzeroffice/vendor/laravel/framework/src/Illuminate/Container/BoundMethod.php(33): call_user_func_array(Object(Closure), Array)
#23 /Users/jyichong/Desktop/buzzeroffice/vendor/laravel/framework/src/Illuminate/Container/Util.php(37): Illuminate\\Container\\BoundMethod::Illuminate\\Container\\{closure}()
#24 /Users/jyichong/Desktop/buzzeroffice/vendor/laravel/framework/src/Illuminate/Container/BoundMethod.php(79): Illuminate\\Container\\Util::unwrapIfClosure(Object(Closure))
#25 /Users/jyichong/Desktop/buzzeroffice/vendor/laravel/framework/src/Illuminate/Container/BoundMethod.php(35): Illuminate\\Container\\BoundMethod::callBoundMethod(Object(Illuminate\\Foundation\\Application), Object(Closure), Object(Closure))
#26 /Users/jyichong/Desktop/buzzeroffice/vendor/laravel/framework/src/Illuminate/Container/Container.php(592): Illuminate\\Container\\BoundMethod::call(Object(Illuminate\\Foundation\\Application), Object(Closure), Array, NULL)
#27 /Users/jyichong/Desktop/buzzeroffice/vendor/laravel/framework/src/Illuminate/Foundation/Application.php(1091): Illuminate\\Container\\Container->call(Object(Closure))
#28 /Users/jyichong/Desktop/buzzeroffice/vendor/laravel/framework/src/Illuminate/Foundation/Console/Kernel.php(148): Illuminate\\Foundation\\Application->terminate()
#29 /Users/jyichong/Desktop/buzzeroffice/artisan(51): Illuminate\\Foundation\\Console\\Kernel->terminate(Object(Symfony\\Component\\Console\\Input\\ArgvInput), 0)
#30 {main}
"} 
